\BOOKMARK [1][-]{section.1}{\376\377\000I\000n\000t\000r\000o\000d\000u\000c\000t\000i\000o\000n}{}% 1
\BOOKMARK [2][-]{subsection.1.1}{\376\377\000B\000a\000c\000k\000g\000r\000o\000u\000n\000d}{section.1}% 2
\BOOKMARK [2][-]{subsection.1.2}{\376\377\000P\000r\000o\000b\000l\000e\000m\000\040\000R\000e\000s\000t\000a\000t\000e\000m\000e\000n\000t}{section.1}% 3
\BOOKMARK [2][-]{subsection.1.3}{\376\377\000G\000e\000n\000e\000r\000a\000l\000\040\000A\000s\000s\000u\000m\000p\000t\000i\000o\000n\000s}{section.1}% 4
\BOOKMARK [1][-]{section.2}{\376\377\000M\000o\000d\000e\000l\000\040\000A}{}% 5
\BOOKMARK [2][-]{subsection.2.1}{\376\377\000M\000o\000d\000e\000l\000\040\000O\000v\000e\000r\000v\000i\000e\000w}{section.2}% 6
\BOOKMARK [2][-]{subsection.2.2}{\376\377\000N\000o\000t\000a\000t\000i\000o\000n}{section.2}% 7
\BOOKMARK [2][-]{subsection.2.3}{\376\377\000C\000a\000l\000c\000u\000l\000a\000t\000i\000n\000g\000\040\000E\000n\000e\000r\000g\000y\000\040\000C\000o\000n\000s\000u\000m\000p\000t\000i\000o\000n}{section.2}% 8
\BOOKMARK [2][-]{subsection.2.4}{\376\377\000C\000a\000l\000c\000u\000c\000a\000l\000i\000n\000g\000\040\000A\000i\000r\000\040\000R\000e\000s\000i\000s\000t\000a\000n\000c\000e}{section.2}% 9
\BOOKMARK [1][-]{section.3}{\376\377\000M\000o\000d\000e\000l\000\040\000B}{}% 10
\BOOKMARK [2][-]{subsection.3.1}{\376\377\000M\000o\000d\000e\000l\000\040\000O\000v\000e\000r\000v\000i\000e\000w}{section.3}% 11
\BOOKMARK [2][-]{subsection.3.2}{\376\377\000A\000s\000s\000u\000m\000p\000t\000i\000o\000n\000s}{section.3}% 12
\BOOKMARK [2][-]{subsection.3.3}{\376\377\000N\000o\000t\000a\000t\000i\000o\000n}{section.3}% 13
\BOOKMARK [2][-]{subsection.3.4}{\376\377\000C\000a\000l\000c\000u\000l\000a\000t\000e\000\040\000T\000o\000t\000a\000l\000\040\000E\000n\000e\000r\000g\000y}{section.3}% 14
\BOOKMARK [2][-]{subsection.3.5}{\376\377\000W\000e\000a\000t\000h\000e\000r\000\040\000C\000o\000n\000d\000i\000t\000i\000o\000n\000s}{section.3}% 15
\BOOKMARK [3][-]{subsubsection.3.5.1}{\376\377\000T\000e\000m\000p\000e\000r\000a\000t\000u\000r\000e}{subsection.3.5}% 16
\BOOKMARK [3][-]{subsubsection.3.5.2}{\376\377\000W\000i\000n\000d\000\040\000F\000o\000r\000c\000e}{subsection.3.5}% 17
\BOOKMARK [2][-]{subsection.3.6}{\376\377\000R\000e\000c\000a\000l\000c\000u\000l\000a\000t\000e\000\040\000S\000p\000e\000e\000d\000\040\000F\000u\000n\000c\000t\000i\000o\000n}{section.3}% 18
\BOOKMARK [2][-]{subsection.3.7}{\376\377\000A\000p\000p\000l\000y\000i\000n\000g\000\040\000t\000o\000\040\000R\000e\000a\000l\000l\000i\000f\000e\000\040\000T\000r\000i\000a\000l\000s}{section.3}% 19
\BOOKMARK [2][-]{subsection.3.8}{\376\377\000S\000e\000n\000s\000i\000t\000i\000v\000i\000t\000y\000\040\000A\000n\000a\000l\000y\000s\000i\000s}{section.3}% 20
\BOOKMARK [1][-]{section.4}{\376\377\000M\000o\000d\000e\000l\000\040\000C}{}% 21
\BOOKMARK [2][-]{subsection.4.1}{\376\377\000M\000o\000d\000e\000l\000\040\000O\000v\000e\000r\000v\000i\000e\000w}{section.4}% 22
\BOOKMARK [2][-]{subsection.4.2}{\376\377\000N\000o\000t\000a\000t\000i\000o\000n}{section.4}% 23
\BOOKMARK [1][-]{section.5}{\376\377\000S\000t\000r\000e\000n\000g\000t\000h\000s\000\040\000a\000n\000d\000\040\000W\000e\000a\000k\000n\000e\000s\000s\000e\000s}{}% 24
\BOOKMARK [1][-]{section.6}{\376\377\000L\000e\000t\000t\000e\000r\000\040\000T\000o\000\040\000t\000h\000e\000\040\000T\000w\000o\000\040\000A\000t\000h\000l\000e\000t\000e\000s}{}% 25
\BOOKMARK [1][-]{section.6}{\376\377\000R\000e\000f\000e\000r\000e\000n\000c\000e\000s}{}% 26
